Arguments: 
  C:\Program Files\nodejs\node.exe C:\Users\toni.recio\AppData\Local\node\corepack\yarn\1.22.19\bin\yarn.js add starndard

PATH: 
  C:\Program Files\Common Files\Oracle\Java\javapath;C:\WINDOWS\system32;C:\WINDOWS;C:\WINDOWS\System32\Wbem;C:\WINDOWS\System32\WindowsPowerShell\v1.0\;C:\WINDOWS\System32\OpenSSH\;C:\Program Files\Git\cmd;C:\Program Files (x86)\NVIDIA Corporation\PhysX\Common;C:\Program Files\NVIDIA Corporation\NVIDIA NvDLISR;C:\ProgramData\chocolatey\bin;C:\Program Files\dotnet\;C:\WINDOWS\system32;C:\WINDOWS;C:\WINDOWS\System32\Wbem;C:\WINDOWS\System32\WindowsPowerShell\v1.0\;C:\WINDOWS\System32\OpenSSH\;C:\Program Files\nodejs\;C:\Program Files\Git\usr\bin;C:\Users\toni.recio\AppData\Local\Microsoft\WindowsApps;C:\Users\toni.recio\AppData\Local\Programs\Microsoft VS Code\bin;C:\Program Files (x86)\GitHub CLI\;C:\Users\toni.recio\AppData\Local\Pandoc\;C:\Users\toni.recio\AppData\Roaming\npm;C:\Users\toni.recio\AppData\Local\GitHubDesktop\bin;C:\fp\swdir

Yarn version: 
  1.22.19

Node version: 
  16.17.0

Platform: 
  win32 x64

Trace: 
  Error: https://registry.yarnpkg.com/starndard: Not found
      at Request.params.callback [as _callback] (C:\Users\toni.recio\AppData\Local\node\corepack\yarn\1.22.19\lib\cli.js:66145:18)
      at Request.self.callback (C:\Users\toni.recio\AppData\Local\node\corepack\yarn\1.22.19\lib\cli.js:140890:22)
      at Request.emit (node:events:513:28)
      at Request.<anonymous> (C:\Users\toni.recio\AppData\Local\node\corepack\yarn\1.22.19\lib\cli.js:141862:10)
      at Request.emit (node:events:513:28)
      at IncomingMessage.<anonymous> (C:\Users\toni.recio\AppData\Local\node\corepack\yarn\1.22.19\lib\cli.js:141784:12)
      at Object.onceWrapper (node:events:627:28)
      at IncomingMessage.emit (node:events:525:35)
      at endReadableNT (node:internal/streams/readable:1358:12)
      at processTicksAndRejections (node:internal/process/task_queues:83:21)

npm manifest: 
  {
    "name": "airports-api",
    "version": "1.0.0",
    "main": "index.js",
    "repository": "https://github.com/tonirecio/airports-api.git",
    "author": "Recio, Toni <Toni.Recio@travelport.com>",
    "license": "MIT",
    "scripts": {
      "dev": "nodemon index.js",
      "lint": "npm run lint",
      "start": "node index.js",
      "test": "echo \"Error: no test specified\" && exit 1"
    }
  }

yarn manifest: 
  No manifest

Lockfile: 
  No lockfile
